app/build/intermediates/manifest_merge_blame_file/debug/manifest-merger-blame-debug-report.txt
1<?xml version="1.0" encoding="utf-8"?>
2<manifest xmlns:android="http://schemas.android.com/apk/res/android"
3    package="com.example.notefy"
4    android:versionCode="1"
5    android:versionName="1.0" >
6
7    <uses-sdk
8        android:minSdkVersion="24"
9        android:targetSdkVersion="34" />
10
11    <uses-permission android:name="android.permission.ACCESS_NETWORK_STATE" />
11-->[com.firebaseui:firebase-ui-auth:8.0.2] AndroidManifest.xml:10:5-79
11-->[com.firebaseui:firebase-ui-auth:8.0.2] AndroidManifest.xml:10:22-76
12    <uses-permission android:name="android.permission.INTERNET" /> <!-- Used to check if a browser is available before launching phone auth -->
12-->[com.firebaseui:firebase-ui-auth:8.0.2] AndroidManifest.xml:11:5-67
12-->[com.firebaseui:firebase-ui-auth:8.0.2] AndroidManifest.xml:11:22-64
13    <!-- See ui/phone/PhoneNumberVerificationHandler.isBrowserAvailable() -->
14    <queries>
14-->[com.firebaseui:firebase-ui-auth:8.0.2] AndroidManifest.xml:15:5-23:15
15        <intent>
15-->[com.firebaseui:firebase-ui-auth:8.0.2] AndroidManifest.xml:16:9-22:18
16            <action android:name="android.intent.action.VIEW" />
16-->[com.firebaseui:firebase-ui-auth:8.0.2] AndroidManifest.xml:17:13-65
16-->[com.firebaseui:firebase-ui-auth:8.0.2] AndroidManifest.xml:17:21-62
17
18            <category android:name="android.intent.category.BROWSABLE" />
18-->[com.firebaseui:firebase-ui-auth:8.0.2] AndroidManifest.xml:19:13-74
18-->[com.firebaseui:firebase-ui-auth:8.0.2] AndroidManifest.xml:19:23-71
19
20            <data android:scheme="http" />
20-->[com.firebaseui:firebase-ui-auth:8.0.2] AndroidManifest.xml:21:13-43
20-->[com.firebaseui:firebase-ui-auth:8.0.2] AndroidManifest.xml:21:19-40
21        </intent>
22    </queries>
23
24    <uses-permission android:name="android.permission.WAKE_LOCK" />
24-->[com.google.android.gms:play-services-measurement-api:22.0.0] AndroidManifest.xml:24:5-68
24-->[com.google.android.gms:play-services-measurement-api:22.0.0] AndroidManifest.xml:24:22-65
25    <uses-permission android:name="com.google.android.gms.permission.AD_ID" />
25-->[com.google.android.gms:play-services-measurement-api:22.0.0] AndroidManifest.xml:25:5-79
25-->[com.google.android.gms:play-services-measurement-api:22.0.0] AndroidManifest.xml:25:22-76
26    <uses-permission android:name="android.permission.ACCESS_ADSERVICES_ATTRIBUTION" />
26-->[com.google.android.gms:play-services-measurement-api:22.0.0] AndroidManifest.xml:26:5-88
26-->[com.google.android.gms:play-services-measurement-api:22.0.0] AndroidManifest.xml:26:22-85
27    <uses-permission android:name="android.permission.ACCESS_ADSERVICES_AD_ID" />
27-->[com.google.android.gms:play-services-measurement-api:22.0.0] AndroidManifest.xml:27:5-82
27-->[com.google.android.gms:play-services-measurement-api:22.0.0] AndroidManifest.xml:27:22-79
28    <uses-permission android:name="com.google.android.providers.gsf.permission.READ_GSERVICES" />
28-->[com.google.android.recaptcha:recaptcha:18.4.0] AndroidManifest.xml:9:5-98
28-->[com.google.android.recaptcha:recaptcha:18.4.0] AndroidManifest.xml:9:22-95
29    <uses-permission android:name="com.google.android.finsky.permission.BIND_GET_INSTALL_REFERRER_SERVICE" />
29-->[com.google.android.gms:play-services-measurement:22.0.0] AndroidManifest.xml:26:5-110
29-->[com.google.android.gms:play-services-measurement:22.0.0] AndroidManifest.xml:26:22-107
30
31    <permission
31-->[androidx.core:core:1.13.0] AndroidManifest.xml:22:5-24:47
32        android:name="com.example.notefy.DYNAMIC_RECEIVER_NOT_EXPORTED_PERMISSION"
32-->[androidx.core:core:1.13.0] AndroidManifest.xml:23:9-81
33        android:protectionLevel="signature" />
33-->[androidx.core:core:1.13.0] AndroidManifest.xml:24:9-44
34
35    <uses-permission android:name="com.example.notefy.DYNAMIC_RECEIVER_NOT_EXPORTED_PERMISSION" />
35-->[androidx.core:core:1.13.0] AndroidManifest.xml:26:5-97
35-->[androidx.core:core:1.13.0] AndroidManifest.xml:26:22-94
36
37    <application
37-->src\main\AndroidManifest.xml:5:5-51:19
38        android:allowBackup="true"
38-->src\main\AndroidManifest.xml:6:9-35
39        android:appComponentFactory="androidx.core.app.CoreComponentFactory"
39-->[androidx.core:core:1.13.0] AndroidManifest.xml:28:18-86
40        android:dataExtractionRules="@xml/data_extraction_rules"
40-->src\main\AndroidManifest.xml:7:9-65
41        android:debuggable="true"
42        android:extractNativeLibs="false"
43        android:fullBackupContent="@xml/backup_rules"
43-->src\main\AndroidManifest.xml:8:9-54
44        android:icon="@mipmap/ic_launcher"
44-->src\main\AndroidManifest.xml:9:9-43
45        android:label="@string/app_name"
45-->src\main\AndroidManifest.xml:10:9-41
46        android:roundIcon="@mipmap/ic_launcher_round"
46-->src\main\AndroidManifest.xml:11:9-54
47        android:supportsRtl="true"
47-->src\main\AndroidManifest.xml:12:9-35
48        android:testOnly="true"
49        android:theme="@style/Theme.Notefy" >
49-->src\main\AndroidManifest.xml:13:9-44
50        <activity
50-->src\main\AndroidManifest.xml:15:9-17:40
51            android:name="com.example.notefy.GoogleSignin"
51-->src\main\AndroidManifest.xml:16:13-41
52            android:exported="false" />
52-->src\main\AndroidManifest.xml:17:13-37
53        <activity
53-->src\main\AndroidManifest.xml:18:9-20:40
54            android:name="com.example.notefy.EditRequestActivity"
54-->src\main\AndroidManifest.xml:19:13-48
55            android:exported="false" />
55-->src\main\AndroidManifest.xml:20:13-37
56        <activity
56-->src\main\AndroidManifest.xml:21:9-23:40
57            android:name="com.example.notefy.ListOwnPublicNotes"
57-->src\main\AndroidManifest.xml:22:13-47
58            android:exported="false" />
58-->src\main\AndroidManifest.xml:23:13-37
59        <activity
59-->src\main\AndroidManifest.xml:24:9-26:40
60            android:name="com.example.notefy.ListReqActivity"
60-->src\main\AndroidManifest.xml:25:13-44
61            android:exported="false" />
61-->src\main\AndroidManifest.xml:26:13-37
62        <activity
62-->src\main\AndroidManifest.xml:27:9-29:40
63            android:name="com.example.notefy.AddPrivateNote"
63-->src\main\AndroidManifest.xml:28:13-43
64            android:exported="false" />
64-->src\main\AndroidManifest.xml:29:13-37
65        <activity
65-->src\main\AndroidManifest.xml:30:9-32:40
66            android:name="com.example.notefy.PrivateNoteActivity"
66-->src\main\AndroidManifest.xml:31:13-48
67            android:exported="false" />
67-->src\main\AndroidManifest.xml:32:13-37
68        <activity
68-->src\main\AndroidManifest.xml:33:9-35:40
69            android:name="com.example.notefy.AddPublicNote"
69-->src\main\AndroidManifest.xml:34:13-42
70            android:exported="false" />
70-->src\main\AndroidManifest.xml:35:13-37
71        <activity
71-->src\main\AndroidManifest.xml:36:9-38:40
72            android:name="com.example.notefy.PublicNoteActivity"
72-->src\main\AndroidManifest.xml:37:13-47
73            android:exported="false" />
73-->src\main\AndroidManifest.xml:38:13-37
74        <activity
74-->src\main\AndroidManifest.xml:39:9-41:40
75            android:name="com.example.notefy.HomeActivity"
75-->src\main\AndroidManifest.xml:40:13-41
76            android:exported="false" />
76-->src\main\AndroidManifest.xml:41:13-37
77        <activity
77-->src\main\AndroidManifest.xml:42:9-50:20
78            android:name="com.example.notefy.AuthActivity"
78-->src\main\AndroidManifest.xml:43:13-41
79            android:exported="true" >
79-->src\main\AndroidManifest.xml:44:13-36
80            <intent-filter>
80-->src\main\AndroidManifest.xml:45:13-49:29
81                <action android:name="android.intent.action.MAIN" />
81-->src\main\AndroidManifest.xml:46:17-69
81-->src\main\AndroidManifest.xml:46:25-66
82
83                <category android:name="android.intent.category.LAUNCHER" />
83-->src\main\AndroidManifest.xml:48:17-77
83-->src\main\AndroidManifest.xml:48:27-74
84            </intent-filter>
85        </activity>
86
87        <meta-data
87-->[com.firebaseui:firebase-ui-auth:8.0.2] AndroidManifest.xml:26:9-28:69
88            android:name="com.google.android.gms.version"
88-->[com.firebaseui:firebase-ui-auth:8.0.2] AndroidManifest.xml:27:13-58
89            android:value="@integer/google_play_services_version" />
89-->[com.firebaseui:firebase-ui-auth:8.0.2] AndroidManifest.xml:28:13-66
90        <meta-data
90-->[com.firebaseui:firebase-ui-auth:8.0.2] AndroidManifest.xml:29:9-31:63
91            android:name="com.facebook.sdk.ApplicationId"
91-->[com.firebaseui:firebase-ui-auth:8.0.2] AndroidManifest.xml:30:13-58
92            android:value="@string/facebook_application_id" />
92-->[com.firebaseui:firebase-ui-auth:8.0.2] AndroidManifest.xml:31:13-60
93
94        <activity
94-->[com.firebaseui:firebase-ui-auth:8.0.2] AndroidManifest.xml:33:9-37:61
95            android:name="com.firebase.ui.auth.KickoffActivity"
95-->[com.firebaseui:firebase-ui-auth:8.0.2] AndroidManifest.xml:34:13-64
96            android:exported="false"
96-->[com.firebaseui:firebase-ui-auth:8.0.2] AndroidManifest.xml:35:13-37
97            android:label=""
97-->[com.firebaseui:firebase-ui-auth:8.0.2] AndroidManifest.xml:36:13-29
98            android:theme="@style/FirebaseUI.Transparent" />
98-->[com.firebaseui:firebase-ui-auth:8.0.2] AndroidManifest.xml:37:13-58
99        <activity
99-->[com.firebaseui:firebase-ui-auth:8.0.2] AndroidManifest.xml:38:9-42:61
100            android:name="com.firebase.ui.auth.ui.idp.SingleSignInActivity"
100-->[com.firebaseui:firebase-ui-auth:8.0.2] AndroidManifest.xml:39:13-76
101            android:exported="false"
101-->[com.firebaseui:firebase-ui-auth:8.0.2] AndroidManifest.xml:40:13-37
102            android:label=""
102-->[com.firebaseui:firebase-ui-auth:8.0.2] AndroidManifest.xml:41:13-29
103            android:theme="@style/FirebaseUI.Transparent" />
103-->[com.firebaseui:firebase-ui-auth:8.0.2] AndroidManifest.xml:42:13-58
104        <activity
104-->[com.firebaseui:firebase-ui-auth:8.0.2] AndroidManifest.xml:43:9-47:61
105            android:name="com.firebase.ui.auth.ui.credentials.CredentialSaveActivity"
105-->[com.firebaseui:firebase-ui-auth:8.0.2] AndroidManifest.xml:44:13-86
106            android:exported="false"
106-->[com.firebaseui:firebase-ui-auth:8.0.2] AndroidManifest.xml:45:13-37
107            android:label=""
107-->[com.firebaseui:firebase-ui-auth:8.0.2] AndroidManifest.xml:46:13-29
108            android:theme="@style/FirebaseUI.Transparent" />
108-->[com.firebaseui:firebase-ui-auth:8.0.2] AndroidManifest.xml:47:13-58
109        <activity
109-->[com.firebaseui:firebase-ui-auth:8.0.2] AndroidManifest.xml:48:9-52:58
110            android:name="com.firebase.ui.auth.ui.email.RecoverPasswordActivity"
110-->[com.firebaseui:firebase-ui-auth:8.0.2] AndroidManifest.xml:49:13-81
111            android:exported="false"
111-->[com.firebaseui:firebase-ui-auth:8.0.2] AndroidManifest.xml:50:13-37
112            android:label="@string/fui_title_recover_password_activity"
112-->[com.firebaseui:firebase-ui-auth:8.0.2] AndroidManifest.xml:51:13-72
113            android:windowSoftInputMode="adjustResize" />
113-->[com.firebaseui:firebase-ui-auth:8.0.2] AndroidManifest.xml:52:13-55
114        <activity
114-->[com.firebaseui:firebase-ui-auth:8.0.2] AndroidManifest.xml:53:9-57:58
115            android:name="com.firebase.ui.auth.ui.email.EmailActivity"
115-->[com.firebaseui:firebase-ui-auth:8.0.2] AndroidManifest.xml:54:13-71
116            android:exported="false"
116-->[com.firebaseui:firebase-ui-auth:8.0.2] AndroidManifest.xml:55:13-37
117            android:label="@string/fui_sign_in_default"
117-->[com.firebaseui:firebase-ui-auth:8.0.2] AndroidManifest.xml:56:13-56
118            android:windowSoftInputMode="adjustResize" />
118-->[com.firebaseui:firebase-ui-auth:8.0.2] AndroidManifest.xml:57:13-55
119        <activity
119-->[com.firebaseui:firebase-ui-auth:8.0.2] AndroidManifest.xml:58:9-62:77
120            android:name="com.firebase.ui.auth.ui.phone.PhoneActivity"
120-->[com.firebaseui:firebase-ui-auth:8.0.2] AndroidManifest.xml:59:13-71
121            android:exported="false"
121-->[com.firebaseui:firebase-ui-auth:8.0.2] AndroidManifest.xml:60:13-37
122            android:label="@string/fui_sign_in_with_phone_number"
122-->[com.firebaseui:firebase-ui-auth:8.0.2] AndroidManifest.xml:61:13-66
123            android:windowSoftInputMode="adjustResize|stateAlwaysVisible" />
123-->[com.firebaseui:firebase-ui-auth:8.0.2] AndroidManifest.xml:62:13-74
124        <activity
124-->[com.firebaseui:firebase-ui-auth:8.0.2] AndroidManifest.xml:63:9-67:58
125            android:name="com.firebase.ui.auth.ui.idp.WelcomeBackIdpPrompt"
125-->[com.firebaseui:firebase-ui-auth:8.0.2] AndroidManifest.xml:64:13-76
126            android:exported="false"
126-->[com.firebaseui:firebase-ui-auth:8.0.2] AndroidManifest.xml:65:13-37
127            android:label="@string/fui_title_welcome_back_idp_prompt"
127-->[com.firebaseui:firebase-ui-auth:8.0.2] AndroidManifest.xml:66:13-70
128            android:windowSoftInputMode="adjustResize" />
128-->[com.firebaseui:firebase-ui-auth:8.0.2] AndroidManifest.xml:67:13-55
129        <activity
129-->[com.firebaseui:firebase-ui-auth:8.0.2] AndroidManifest.xml:68:9-72:58
130            android:name="com.firebase.ui.auth.ui.email.WelcomeBackPasswordPrompt"
130-->[com.firebaseui:firebase-ui-auth:8.0.2] AndroidManifest.xml:69:13-83
131            android:exported="false"
131-->[com.firebaseui:firebase-ui-auth:8.0.2] AndroidManifest.xml:70:13-37
132            android:label="@string/fui_title_welcome_back_password_prompt"
132-->[com.firebaseui:firebase-ui-auth:8.0.2] AndroidManifest.xml:71:13-75
133            android:windowSoftInputMode="adjustResize" />
133-->[com.firebaseui:firebase-ui-auth:8.0.2] AndroidManifest.xml:72:13-55
134        <activity
134-->[com.firebaseui:firebase-ui-auth:8.0.2] AndroidManifest.xml:73:9-77:58
135            android:name="com.firebase.ui.auth.ui.email.WelcomeBackEmailLinkPrompt"
135-->[com.firebaseui:firebase-ui-auth:8.0.2] AndroidManifest.xml:74:13-84
136            android:exported="false"
136-->[com.firebaseui:firebase-ui-auth:8.0.2] AndroidManifest.xml:75:13-37
137            android:label="@string/fui_title_welcome_back_password_prompt"
137-->[com.firebaseui:firebase-ui-auth:8.0.2] AndroidManifest.xml:76:13-75
138            android:windowSoftInputMode="adjustResize" />
138-->[com.firebaseui:firebase-ui-auth:8.0.2] AndroidManifest.xml:77:13-55
139        <activity
139-->[com.firebaseui:firebase-ui-auth:8.0.2] AndroidManifest.xml:78:9-83:58
140            android:name="com.firebase.ui.auth.ui.email.EmailLinkCatcherActivity"
140-->[com.firebaseui:firebase-ui-auth:8.0.2] AndroidManifest.xml:79:13-82
141            android:exported="false"
141-->[com.firebaseui:firebase-ui-auth:8.0.2] AndroidManifest.xml:80:13-37
142            android:label=""
142-->[com.firebaseui:firebase-ui-auth:8.0.2] AndroidManifest.xml:81:13-29
143            android:theme="@style/FirebaseUI.Transparent"
143-->[com.firebaseui:firebase-ui-auth:8.0.2] AndroidManifest.xml:82:13-58
144            android:windowSoftInputMode="adjustResize" />
144-->[com.firebaseui:firebase-ui-auth:8.0.2] AndroidManifest.xml:83:13-55
145        <activity
145-->[com.firebaseui:firebase-ui-auth:8.0.2] AndroidManifest.xml:84:9-88:58
146            android:name="com.firebase.ui.auth.ui.email.EmailLinkErrorRecoveryActivity"
146-->[com.firebaseui:firebase-ui-auth:8.0.2] AndroidManifest.xml:85:13-88
147            android:exported="false"
147-->[com.firebaseui:firebase-ui-auth:8.0.2] AndroidManifest.xml:86:13-37
148            android:label="@string/fui_sign_in_default"
148-->[com.firebaseui:firebase-ui-auth:8.0.2] AndroidManifest.xml:87:13-56
149            android:windowSoftInputMode="adjustResize" />
149-->[com.firebaseui:firebase-ui-auth:8.0.2] AndroidManifest.xml:88:13-55
150        <activity
150-->[com.firebaseui:firebase-ui-auth:8.0.2] AndroidManifest.xml:89:9-92:65
151            android:name="com.firebase.ui.auth.ui.idp.AuthMethodPickerActivity"
151-->[com.firebaseui:firebase-ui-auth:8.0.2] AndroidManifest.xml:90:13-80
152            android:exported="false"
152-->[com.firebaseui:firebase-ui-auth:8.0.2] AndroidManifest.xml:91:13-37
153            android:label="@string/fui_default_toolbar_title" />
153-->[com.firebaseui:firebase-ui-auth:8.0.2] AndroidManifest.xml:92:13-62
154        <activity
154-->[com.firebaseui:firebase-ui-auth:8.0.2] AndroidManifest.xml:93:9-97:48
155            android:name="com.facebook.FacebookActivity"
155-->[com.firebaseui:firebase-ui-auth:8.0.2] AndroidManifest.xml:94:13-57
156            android:configChanges="keyboard|keyboardHidden|screenLayout|screenSize|orientation"
156-->[com.firebaseui:firebase-ui-auth:8.0.2] AndroidManifest.xml:95:13-96
157            android:label="@string/app_name" />
157-->[com.firebaseui:firebase-ui-auth:8.0.2] AndroidManifest.xml:96:13-45
158        <activity
158-->[com.firebaseui:firebase-ui-auth:8.0.2] AndroidManifest.xml:98:9-110:20
159            android:name="com.facebook.CustomTabActivity"
159-->[com.firebaseui:firebase-ui-auth:8.0.2] AndroidManifest.xml:99:13-58
160            android:exported="true" >
160-->[com.firebaseui:firebase-ui-auth:8.0.2] AndroidManifest.xml:100:13-36
161            <intent-filter>
161-->[com.firebaseui:firebase-ui-auth:8.0.2] AndroidManifest.xml:102:13-109:29
162                <action android:name="android.intent.action.VIEW" />
162-->[com.firebaseui:firebase-ui-auth:8.0.2] AndroidManifest.xml:17:13-65
162-->[com.firebaseui:firebase-ui-auth:8.0.2] AndroidManifest.xml:17:21-62
163
164                <category android:name="android.intent.category.DEFAULT" />
164-->[com.firebaseui:firebase-ui-auth:8.0.2] AndroidManifest.xml:105:17-76
164-->[com.firebaseui:firebase-ui-auth:8.0.2] AndroidManifest.xml:105:27-73
165                <category android:name="android.intent.category.BROWSABLE" />
165-->[com.firebaseui:firebase-ui-auth:8.0.2] AndroidManifest.xml:19:13-74
165-->[com.firebaseui:firebase-ui-auth:8.0.2] AndroidManifest.xml:19:23-71
166
167                <data android:scheme="@string/facebook_login_protocol_scheme" />
167-->[com.firebaseui:firebase-ui-auth:8.0.2] AndroidManifest.xml:21:13-43
167-->[com.firebaseui:firebase-ui-auth:8.0.2] AndroidManifest.xml:21:19-40
168            </intent-filter>
169        </activity>
170
171        <provider
171-->[com.firebaseui:firebase-ui-auth:8.0.2] AndroidManifest.xml:112:9-116:38
172            android:name="com.firebase.ui.auth.data.client.AuthUiInitProvider"
172-->[com.firebaseui:firebase-ui-auth:8.0.2] AndroidManifest.xml:113:13-79
173            android:authorities="com.example.notefy.authuiinitprovider"
173-->[com.firebaseui:firebase-ui-auth:8.0.2] AndroidManifest.xml:114:13-70
174            android:exported="false"
174-->[com.firebaseui:firebase-ui-auth:8.0.2] AndroidManifest.xml:115:13-37
175            android:initOrder="90" />
175-->[com.firebaseui:firebase-ui-auth:8.0.2] AndroidManifest.xml:116:13-35
176
177        <service
177-->[com.google.firebase:firebase-database:21.0.0] AndroidManifest.xml:26:9-35:19
178            android:name="com.google.firebase.components.ComponentDiscoveryService"
178-->[com.google.firebase:firebase-database:21.0.0] AndroidManifest.xml:27:13-84
179            android:directBootAware="true"
179-->[com.google.firebase:firebase-common:21.0.0] AndroidManifest.xml:32:13-43
180            android:exported="false" >
180-->[com.google.firebase:firebase-database:21.0.0] AndroidManifest.xml:28:13-37
181            <meta-data
181-->[com.google.firebase:firebase-database:21.0.0] AndroidManifest.xml:29:13-31:85
182                android:name="com.google.firebase.components:com.google.firebase.database.FirebaseDatabaseKtxRegistrar"
182-->[com.google.firebase:firebase-database:21.0.0] AndroidManifest.xml:30:17-120
183                android:value="com.google.firebase.components.ComponentRegistrar" />
183-->[com.google.firebase:firebase-database:21.0.0] AndroidManifest.xml:31:17-82
184            <meta-data
184-->[com.google.firebase:firebase-database:21.0.0] AndroidManifest.xml:32:13-34:85
185                android:name="com.google.firebase.components:com.google.firebase.database.DatabaseRegistrar"
185-->[com.google.firebase:firebase-database:21.0.0] AndroidManifest.xml:33:17-109
186                android:value="com.google.firebase.components.ComponentRegistrar" />
186-->[com.google.firebase:firebase-database:21.0.0] AndroidManifest.xml:34:17-82
187            <meta-data
187-->[com.google.firebase:firebase-auth:23.0.0] AndroidManifest.xml:69:13-71:85
188                android:name="com.google.firebase.components:com.google.firebase.auth.FirebaseAuthRegistrar"
188-->[com.google.firebase:firebase-auth:23.0.0] AndroidManifest.xml:70:17-109
189                android:value="com.google.firebase.components.ComponentRegistrar" />
189-->[com.google.firebase:firebase-auth:23.0.0] AndroidManifest.xml:71:17-82
190            <meta-data
190-->[com.google.firebase:firebase-firestore:25.0.0] AndroidManifest.xml:17:13-19:85
191                android:name="com.google.firebase.components:com.google.firebase.firestore.FirebaseFirestoreKtxRegistrar"
191-->[com.google.firebase:firebase-firestore:25.0.0] AndroidManifest.xml:18:17-122
192                android:value="com.google.firebase.components.ComponentRegistrar" />
192-->[com.google.firebase:firebase-firestore:25.0.0] AndroidManifest.xml:19:17-82
193            <meta-data
193-->[com.google.firebase:firebase-firestore:25.0.0] AndroidManifest.xml:20:13-22:85
194                android:name="com.google.firebase.components:com.google.firebase.firestore.FirestoreRegistrar"
194-->[com.google.firebase:firebase-firestore:25.0.0] AndroidManifest.xml:21:17-111
195                android:value="com.google.firebase.components.ComponentRegistrar" />
195-->[com.google.firebase:firebase-firestore:25.0.0] AndroidManifest.xml:22:17-82
196            <meta-data
196-->[com.google.firebase:firebase-storage:21.0.0] AndroidManifest.xml:30:13-32:85
197                android:name="com.google.firebase.components:com.google.firebase.storage.FirebaseStorageKtxRegistrar"
197-->[com.google.firebase:firebase-storage:21.0.0] AndroidManifest.xml:31:17-118
198                android:value="com.google.firebase.components.ComponentRegistrar" />
198-->[com.google.firebase:firebase-storage:21.0.0] AndroidManifest.xml:32:17-82
199            <meta-data
199-->[com.google.firebase:firebase-storage:21.0.0] AndroidManifest.xml:33:13-35:85
200                android:name="com.google.firebase.components:com.google.firebase.storage.StorageRegistrar"
200-->[com.google.firebase:firebase-storage:21.0.0] AndroidManifest.xml:34:17-107
201                android:value="com.google.firebase.components.ComponentRegistrar" />
201-->[com.google.firebase:firebase-storage:21.0.0] AndroidManifest.xml:35:17-82
202            <meta-data
202-->[com.google.android.gms:play-services-measurement-api:22.0.0] AndroidManifest.xml:37:13-39:85
203                android:name="com.google.firebase.components:com.google.firebase.analytics.connector.internal.AnalyticsConnectorRegistrar"
203-->[com.google.android.gms:play-services-measurement-api:22.0.0] AndroidManifest.xml:38:17-139
204                android:value="com.google.firebase.components.ComponentRegistrar" />
204-->[com.google.android.gms:play-services-measurement-api:22.0.0] AndroidManifest.xml:39:17-82
205            <meta-data
205-->[com.google.firebase:firebase-installations:18.0.0] AndroidManifest.xml:15:13-17:85
206                android:name="com.google.firebase.components:com.google.firebase.installations.FirebaseInstallationsKtxRegistrar"
206-->[com.google.firebase:firebase-installations:18.0.0] AndroidManifest.xml:16:17-130
207                android:value="com.google.firebase.components.ComponentRegistrar" />
207-->[com.google.firebase:firebase-installations:18.0.0] AndroidManifest.xml:17:17-82
208            <meta-data
208-->[com.google.firebase:firebase-installations:18.0.0] AndroidManifest.xml:18:13-20:85
209                android:name="com.google.firebase.components:com.google.firebase.installations.FirebaseInstallationsRegistrar"
209-->[com.google.firebase:firebase-installations:18.0.0] AndroidManifest.xml:19:17-127
210                android:value="com.google.firebase.components.ComponentRegistrar" />
210-->[com.google.firebase:firebase-installations:18.0.0] AndroidManifest.xml:20:17-82
211            <meta-data
211-->[com.google.firebase:firebase-appcheck:18.0.0] AndroidManifest.xml:25:13-27:85
212                android:name="com.google.firebase.components:com.google.firebase.appcheck.FirebaseAppCheckKtxRegistrar"
212-->[com.google.firebase:firebase-appcheck:18.0.0] AndroidManifest.xml:26:17-120
213                android:value="com.google.firebase.components.ComponentRegistrar" />
213-->[com.google.firebase:firebase-appcheck:18.0.0] AndroidManifest.xml:27:17-82
214            <meta-data
214-->[com.google.firebase:firebase-appcheck:18.0.0] AndroidManifest.xml:28:13-30:85
215                android:name="com.google.firebase.components:com.google.firebase.appcheck.FirebaseAppCheckRegistrar"
215-->[com.google.firebase:firebase-appcheck:18.0.0] AndroidManifest.xml:29:17-117
216                android:value="com.google.firebase.components.ComponentRegistrar" />
216-->[com.google.firebase:firebase-appcheck:18.0.0] AndroidManifest.xml:30:17-82
217            <meta-data
217-->[com.google.firebase:firebase-common-ktx:21.0.0] AndroidManifest.xml:12:13-14:85
218                android:name="com.google.firebase.components:com.google.firebase.ktx.FirebaseCommonLegacyRegistrar"
218-->[com.google.firebase:firebase-common-ktx:21.0.0] AndroidManifest.xml:13:17-116
219                android:value="com.google.firebase.components.ComponentRegistrar" />
219-->[com.google.firebase:firebase-common-ktx:21.0.0] AndroidManifest.xml:14:17-82
220            <meta-data
220-->[com.google.firebase:firebase-common:21.0.0] AndroidManifest.xml:35:13-37:85
221                android:name="com.google.firebase.components:com.google.firebase.FirebaseCommonKtxRegistrar"
221-->[com.google.firebase:firebase-common:21.0.0] AndroidManifest.xml:36:17-109
222                android:value="com.google.firebase.components.ComponentRegistrar" />
222-->[com.google.firebase:firebase-common:21.0.0] AndroidManifest.xml:37:17-82
223        </service>
224
225        <activity
225-->[com.google.firebase:firebase-auth:23.0.0] AndroidManifest.xml:29:9-46:20
226            android:name="com.google.firebase.auth.internal.GenericIdpActivity"
226-->[com.google.firebase:firebase-auth:23.0.0] AndroidManifest.xml:30:13-80
227            android:excludeFromRecents="true"
227-->[com.google.firebase:firebase-auth:23.0.0] AndroidManifest.xml:31:13-46
228            android:exported="true"
228-->[com.google.firebase:firebase-auth:23.0.0] AndroidManifest.xml:32:13-36
229            android:launchMode="singleTask"
229-->[com.google.firebase:firebase-auth:23.0.0] AndroidManifest.xml:33:13-44
230            android:theme="@android:style/Theme.Translucent.NoTitleBar" >
230-->[com.google.firebase:firebase-auth:23.0.0] AndroidManifest.xml:34:13-72
231            <intent-filter>
231-->[com.google.firebase:firebase-auth:23.0.0] AndroidManifest.xml:35:13-45:29
232                <action android:name="android.intent.action.VIEW" />
232-->[com.firebaseui:firebase-ui-auth:8.0.2] AndroidManifest.xml:17:13-65
232-->[com.firebaseui:firebase-ui-auth:8.0.2] AndroidManifest.xml:17:21-62
233
234                <category android:name="android.intent.category.DEFAULT" />
234-->[com.firebaseui:firebase-ui-auth:8.0.2] AndroidManifest.xml:105:17-76
234-->[com.firebaseui:firebase-ui-auth:8.0.2] AndroidManifest.xml:105:27-73
235                <category android:name="android.intent.category.BROWSABLE" />
235-->[com.firebaseui:firebase-ui-auth:8.0.2] AndroidManifest.xml:19:13-74
235-->[com.firebaseui:firebase-ui-auth:8.0.2] AndroidManifest.xml:19:23-71
236
237                <data
237-->[com.firebaseui:firebase-ui-auth:8.0.2] AndroidManifest.xml:21:13-43
238                    android:host="firebase.auth"
239                    android:path="/"
240                    android:scheme="genericidp" />
240-->[com.firebaseui:firebase-ui-auth:8.0.2] AndroidManifest.xml:21:19-40
241            </intent-filter>
242        </activity>
243        <activity
243-->[com.google.firebase:firebase-auth:23.0.0] AndroidManifest.xml:47:9-64:20
244            android:name="com.google.firebase.auth.internal.RecaptchaActivity"
244-->[com.google.firebase:firebase-auth:23.0.0] AndroidManifest.xml:48:13-79
245            android:excludeFromRecents="true"
245-->[com.google.firebase:firebase-auth:23.0.0] AndroidManifest.xml:49:13-46
246            android:exported="true"
246-->[com.google.firebase:firebase-auth:23.0.0] AndroidManifest.xml:50:13-36
247            android:launchMode="singleTask"
247-->[com.google.firebase:firebase-auth:23.0.0] AndroidManifest.xml:51:13-44
248            android:theme="@android:style/Theme.Translucent.NoTitleBar" >
248-->[com.google.firebase:firebase-auth:23.0.0] AndroidManifest.xml:52:13-72
249            <intent-filter>
249-->[com.google.firebase:firebase-auth:23.0.0] AndroidManifest.xml:53:13-63:29
250                <action android:name="android.intent.action.VIEW" />
250-->[com.firebaseui:firebase-ui-auth:8.0.2] AndroidManifest.xml:17:13-65
250-->[com.firebaseui:firebase-ui-auth:8.0.2] AndroidManifest.xml:17:21-62
251
252                <category android:name="android.intent.category.DEFAULT" />
252-->[com.firebaseui:firebase-ui-auth:8.0.2] AndroidManifest.xml:105:17-76
252-->[com.firebaseui:firebase-ui-auth:8.0.2] AndroidManifest.xml:105:27-73
253                <category android:name="android.intent.category.BROWSABLE" />
253-->[com.firebaseui:firebase-ui-auth:8.0.2] AndroidManifest.xml:19:13-74